mode: set
github.com/pintuotuo/backend/cache/cache.go:25.19,27.20 2 0
github.com/pintuotuo/backend/cache/cache.go:27.20,29.3 1 0
github.com/pintuotuo/backend/cache/cache.go:31.2,32.16 2 0
github.com/pintuotuo/backend/cache/cache.go:32.16,34.3 1 0
github.com/pintuotuo/backend/cache/cache.go:36.2,42.47 4 0
github.com/pintuotuo/backend/cache/cache.go:42.47,44.3 1 0
github.com/pintuotuo/backend/cache/cache.go:46.2,46.12 1 0
github.com/pintuotuo/backend/cache/cache.go:50.20,51.19 1 0
github.com/pintuotuo/backend/cache/cache.go:51.19,53.3 1 0
github.com/pintuotuo/backend/cache/cache.go:54.2,54.12 1 0
github.com/pintuotuo/backend/cache/cache.go:58.59,59.19 1 0
github.com/pintuotuo/backend/cache/cache.go:59.19,61.3 1 0
github.com/pintuotuo/backend/cache/cache.go:62.2,62.38 1 0
github.com/pintuotuo/backend/cache/cache.go:66.87,68.2 1 0
github.com/pintuotuo/backend/cache/cache.go:71.97,74.2 2 0
github.com/pintuotuo/backend/cache/cache.go:77.56,78.20 1 0
github.com/pintuotuo/backend/cache/cache.go:78.20,80.3 1 0
github.com/pintuotuo/backend/cache/cache.go:81.2,81.39 1 0
github.com/pintuotuo/backend/cache/cache.go:85.60,88.2 2 0
github.com/pintuotuo/backend/cache/cache.go:91.64,93.2 1 0
github.com/pintuotuo/backend/cache/cache.go:96.64,98.2 1 0
github.com/pintuotuo/backend/cache/cache.go:101.79,103.2 1 0
github.com/pintuotuo/backend/cache/cache.go:106.32,108.2 1 0
github.com/pintuotuo/backend/cache/cache.go:111.32,113.2 1 1
github.com/pintuotuo/backend/cache/cache.go:115.62,117.2 1 1
github.com/pintuotuo/backend/cache/cache.go:119.63,121.2 1 1
github.com/pintuotuo/backend/cache/cache.go:123.29,125.2 1 1
github.com/pintuotuo/backend/cache/cache.go:127.30,129.2 1 1
github.com/pintuotuo/backend/cache/cache.go:131.60,133.2 1 1
github.com/pintuotuo/backend/cache/cache.go:135.30,137.2 1 1
github.com/pintuotuo/backend/cache/cache.go:139.53,141.2 1 1
github.com/pintuotuo/backend/cache/cache.go:143.41,145.2 1 1
github.com/pintuotuo/backend/cache/cache.go:147.36,149.2 1 1
github.com/pintuotuo/backend/cache/cache.go:152.68,156.21 3 0
github.com/pintuotuo/backend/cache/cache.go:156.21,158.3 1 0
github.com/pintuotuo/backend/cache/cache.go:160.2,160.35 1 0
github.com/pintuotuo/backend/cache/cache.go:160.35,162.3 1 0
github.com/pintuotuo/backend/cache/cache.go:164.2,164.19 1 0
github.com/pintuotuo/backend/cache/cache.go:164.19,166.3 1 0
github.com/pintuotuo/backend/cache/cache.go:168.2,168.12 1 0
github.com/pintuotuo/backend/config/database.go:14.25,18.2 1 1
github.com/pintuotuo/backend/config/database.go:21.21,23.17 2 0
github.com/pintuotuo/backend/config/database.go:23.17,26.3 1 0
github.com/pintuotuo/backend/config/database.go:28.2,29.16 2 0
github.com/pintuotuo/backend/config/database.go:29.16,31.3 1 0
github.com/pintuotuo/backend/config/database.go:34.2,34.34 1 0
github.com/pintuotuo/backend/config/database.go:34.34,36.3 1 0
github.com/pintuotuo/backend/config/database.go:39.2,43.12 4 0
github.com/pintuotuo/backend/config/database.go:47.22,48.15 1 0
github.com/pintuotuo/backend/config/database.go:48.15,50.3 1 0
github.com/pintuotuo/backend/config/database.go:51.2,51.12 1 0
github.com/pintuotuo/backend/config/database.go:55.22,57.2 1 1
github.com/pintuotuo/backend/db/db.go:15.19,17.23 2 0
github.com/pintuotuo/backend/db/db.go:17.23,19.3 1 0
github.com/pintuotuo/backend/db/db.go:21.2,23.16 3 0
github.com/pintuotuo/backend/db/db.go:23.16,25.3 1 0
github.com/pintuotuo/backend/db/db.go:28.2,33.38 4 0
github.com/pintuotuo/backend/db/db.go:33.38,35.3 1 0
github.com/pintuotuo/backend/db/db.go:37.2,37.12 1 0
github.com/pintuotuo/backend/db/db.go:41.22,43.2 1 1
github.com/pintuotuo/backend/db/db.go:46.20,47.19 1 0
github.com/pintuotuo/backend/db/db.go:47.19,49.3 1 0
github.com/pintuotuo/backend/db/db.go:50.2,50.12 1 0
github.com/pintuotuo/backend/db/transaction.go:16.69,20.16 2 0
github.com/pintuotuo/backend/db/transaction.go:20.16,22.3 1 0
github.com/pintuotuo/backend/db/transaction.go:24.2,27.8 1 0
github.com/pintuotuo/backend/db/transaction.go:31.83,33.2 1 0
github.com/pintuotuo/backend/db/transaction.go:36.83,38.2 1 0
github.com/pintuotuo/backend/db/transaction.go:41.76,43.2 1 0
github.com/pintuotuo/backend/db/transaction.go:46.38,48.2 1 0
github.com/pintuotuo/backend/db/transaction.go:51.40,53.2 1 0
github.com/pintuotuo/backend/db/transaction.go:56.90,58.16 2 0
github.com/pintuotuo/backend/db/transaction.go:58.16,60.3 1 0
github.com/pintuotuo/backend/db/transaction.go:62.2,62.31 1 0
github.com/pintuotuo/backend/db/transaction.go:62.31,64.43 1 0
github.com/pintuotuo/backend/db/transaction.go:64.43,66.4 1 0
github.com/pintuotuo/backend/db/transaction.go:67.3,67.13 1 0
github.com/pintuotuo/backend/db/transaction.go:70.2,70.20 1 0
github.com/pintuotuo/backend/db/transaction.go:79.37,81.62 1 0
github.com/pintuotuo/backend/db/transaction.go:81.62,87.17 2 0
github.com/pintuotuo/backend/db/transaction.go:87.17,89.4 1 0
github.com/pintuotuo/backend/db/transaction.go:92.3,96.17 2 0
github.com/pintuotuo/backend/db/transaction.go:96.17,98.4 1 0
github.com/pintuotuo/backend/db/transaction.go:101.3,105.17 2 0
github.com/pintuotuo/backend/db/transaction.go:105.17,107.4 1 0
github.com/pintuotuo/backend/db/transaction.go:110.3,114.17 2 0
github.com/pintuotuo/backend/db/transaction.go:114.17,116.4 1 0
github.com/pintuotuo/backend/db/transaction.go:119.3,119.16 1 0
github.com/pintuotuo/backend/db/transaction.go:119.16,120.33 1 0
github.com/pintuotuo/backend/db/transaction.go:120.33,122.5 1 0
github.com/pintuotuo/backend/db/transaction.go:125.3,125.13 1 0
github.com/pintuotuo/backend/db/transaction.go:132.37,134.62 1 0
github.com/pintuotuo/backend/db/transaction.go:134.62,140.17 2 0
github.com/pintuotuo/backend/db/transaction.go:140.17,142.4 1 0
github.com/pintuotuo/backend/db/transaction.go:145.3,145.16 1 0
github.com/pintuotuo/backend/db/transaction.go:145.16,146.33 1 0
github.com/pintuotuo/backend/db/transaction.go:146.33,148.5 1 0
github.com/pintuotuo/backend/db/transaction.go:151.3,151.13 1 0
github.com/pintuotuo/backend/errors/errors.go:17.35,19.2 1 1
github.com/pintuotuo/backend/errors/errors.go:22.78,29.2 1 1
github.com/pintuotuo/backend/errors/errors.go:32.110,40.2 1 1
github.com/pintuotuo/backend/errors/errors.go:260.33,263.2 2 1
github.com/pintuotuo/backend/errors/errors.go:266.39,267.39 1 1
github.com/pintuotuo/backend/errors/errors.go:267.39,269.3 1 1
github.com/pintuotuo/backend/errors/errors.go:270.2,275.3 1 1
github.com/pintuotuo/backend/cmd/migrate/main.go:12.13,14.23 2 0
github.com/pintuotuo/backend/cmd/migrate/main.go:14.23,16.3 1 0
github.com/pintuotuo/backend/cmd/migrate/main.go:18.2,19.16 2 0
github.com/pintuotuo/backend/cmd/migrate/main.go:19.16,21.3 1 0
github.com/pintuotuo/backend/cmd/migrate/main.go:22.2,22.15 1 0
github.com/pintuotuo/backend/cmd/migrate/main.go:22.15,23.46 1 0
github.com/pintuotuo/backend/cmd/migrate/main.go:23.46,25.4 1 0
github.com/pintuotuo/backend/cmd/migrate/main.go:28.2,28.42 1 0
github.com/pintuotuo/backend/cmd/migrate/main.go:28.42,30.3 1 0
github.com/pintuotuo/backend/cmd/migrate/main.go:32.2,36.16 4 0
github.com/pintuotuo/backend/cmd/migrate/main.go:36.16,38.3 1 0
github.com/pintuotuo/backend/cmd/migrate/main.go:40.2,40.29 1 0
github.com/pintuotuo/backend/cmd/migrate/main.go:40.29,41.58 1 0
github.com/pintuotuo/backend/cmd/migrate/main.go:41.58,42.12 1 0
github.com/pintuotuo/backend/cmd/migrate/main.go:45.3,49.21 4 0
github.com/pintuotuo/backend/cmd/migrate/main.go:49.21,51.4 1 0
github.com/pintuotuo/backend/cmd/migrate/main.go:53.3,53.62 1 0
github.com/pintuotuo/backend/cmd/migrate/main.go:53.62,55.4 1 0
github.com/pintuotuo/backend/cmd/migrate/main.go:57.3,57.53 1 0
github.com/pintuotuo/backend/cmd/migrate/main.go:60.2,60.54 1 0
github.com/pintuotuo/backend/main.go:18.13,19.44 1 0
github.com/pintuotuo/backend/main.go:19.44,21.3 1 0
github.com/pintuotuo/backend/main.go:24.13,25.40 1 0
github.com/pintuotuo/backend/main.go:25.40,27.3 1 0
github.com/pintuotuo/backend/main.go:28.2,43.45 9 0
github.com/pintuotuo/backend/main.go:43.45,49.3 1 0
github.com/pintuotuo/backend/main.go:51.2,52.2 2 0
github.com/pintuotuo/backend/main.go:52.2,59.3 6 0
github.com/pintuotuo/backend/main.go:61.2,62.16 2 0
github.com/pintuotuo/backend/main.go:62.16,64.3 1 0
github.com/pintuotuo/backend/main.go:66.2,67.47 2 0
github.com/pintuotuo/backend/main.go:67.47,69.3 1 0
github.com/pintuotuo/backend/main.go:72.30,74.2 1 0
github.com/pintuotuo/backend/handlers/apikey.go:22.39,24.2 1 0
github.com/pintuotuo/backend/handlers/apikey.go:27.34,29.13 2 0
github.com/pintuotuo/backend/handlers/apikey.go:29.13,32.3 2 0
github.com/pintuotuo/backend/handlers/apikey.go:34.2,35.9 2 0
github.com/pintuotuo/backend/handlers/apikey.go:35.9,38.3 2 0
github.com/pintuotuo/backend/handlers/apikey.go:40.2,43.61 3 0
github.com/pintuotuo/backend/handlers/apikey.go:43.61,45.70 2 0
github.com/pintuotuo/backend/handlers/apikey.go:45.70,48.4 2 0
github.com/pintuotuo/backend/handlers/apikey.go:51.2,52.15 2 0
github.com/pintuotuo/backend/handlers/apikey.go:52.15,55.3 2 0
github.com/pintuotuo/backend/handlers/apikey.go:57.2,61.16 2 0
github.com/pintuotuo/backend/handlers/apikey.go:61.16,64.3 2 0
github.com/pintuotuo/backend/handlers/apikey.go:65.2,65.15 1 0
github.com/pintuotuo/backend/handlers/apikey.go:65.15,66.38 1 0
github.com/pintuotuo/backend/handlers/apikey.go:66.38,68.4 1 0
github.com/pintuotuo/backend/handlers/apikey.go:71.2,72.18 2 0
github.com/pintuotuo/backend/handlers/apikey.go:72.18,79.17 6 0
github.com/pintuotuo/backend/handlers/apikey.go:79.17,82.4 2 0
github.com/pintuotuo/backend/handlers/apikey.go:84.3,92.5 1 0
github.com/pintuotuo/backend/handlers/apikey.go:95.2,95.56 1 0
github.com/pintuotuo/backend/handlers/apikey.go:95.56,97.3 1 0
github.com/pintuotuo/backend/handlers/apikey.go:99.2,99.32 1 0
github.com/pintuotuo/backend/handlers/apikey.go:103.35,105.13 2 0
github.com/pintuotuo/backend/handlers/apikey.go:105.13,108.3 2 0
github.com/pintuotuo/backend/handlers/apikey.go:110.2,114.47 2 0
github.com/pintuotuo/backend/handlers/apikey.go:114.47,117.3 2 0
github.com/pintuotuo/backend/handlers/apikey.go:120.2,122.16 3 0
github.com/pintuotuo/backend/handlers/apikey.go:122.16,130.3 2 0
github.com/pintuotuo/backend/handlers/apikey.go:132.2,136.15 4 0
github.com/pintuotuo/backend/handlers/apikey.go:136.15,139.3 2 0
github.com/pintuotuo/backend/handlers/apikey.go:141.2,147.16 3 0
github.com/pintuotuo/backend/handlers/apikey.go:147.16,155.3 2 0
github.com/pintuotuo/backend/handlers/apikey.go:157.2,165.4 3 0
github.com/pintuotuo/backend/handlers/apikey.go:169.35,171.13 2 0
github.com/pintuotuo/backend/handlers/apikey.go:171.13,174.3 2 0
github.com/pintuotuo/backend/handlers/apikey.go:176.2,183.47 3 0
github.com/pintuotuo/backend/handlers/apikey.go:183.47,186.3 2 0
github.com/pintuotuo/backend/handlers/apikey.go:188.2,189.15 2 0
github.com/pintuotuo/backend/handlers/apikey.go:189.15,192.3 2 0
github.com/pintuotuo/backend/handlers/apikey.go:195.2,197.16 3 0
github.com/pintuotuo/backend/handlers/apikey.go:197.16,200.3 2 0
github.com/pintuotuo/backend/handlers/apikey.go:202.2,203.33 2 0
github.com/pintuotuo/backend/handlers/apikey.go:203.33,206.3 2 0
github.com/pintuotuo/backend/handlers/apikey.go:209.2,218.16 5 0
github.com/pintuotuo/backend/handlers/apikey.go:218.16,226.3 2 0
github.com/pintuotuo/backend/handlers/apikey.go:228.2,237.4 2 0
github.com/pintuotuo/backend/handlers/apikey.go:241.35,243.13 2 0
github.com/pintuotuo/backend/handlers/apikey.go:243.13,246.3 2 0
github.com/pintuotuo/backend/handlers/apikey.go:248.2,251.15 3 0
github.com/pintuotuo/backend/handlers/apikey.go:251.15,254.3 2 0
github.com/pintuotuo/backend/handlers/apikey.go:257.2,259.16 3 0
github.com/pintuotuo/backend/handlers/apikey.go:259.16,262.3 2 0
github.com/pintuotuo/backend/handlers/apikey.go:264.2,265.33 2 0
github.com/pintuotuo/backend/handlers/apikey.go:265.33,268.3 2 0
github.com/pintuotuo/backend/handlers/apikey.go:270.2,271.16 2 0
github.com/pintuotuo/backend/handlers/apikey.go:271.16,279.3 2 0
github.com/pintuotuo/backend/handlers/apikey.go:281.2,283.73 2 0
github.com/pintuotuo/backend/handlers/apikey.go:287.36,290.2 2 0
github.com/pintuotuo/backend/handlers/auth.go:43.35,45.47 2 1
github.com/pintuotuo/backend/handlers/auth.go:45.47,48.3 2 1
github.com/pintuotuo/backend/handlers/auth.go:50.2,51.15 2 0
github.com/pintuotuo/backend/handlers/auth.go:51.15,54.3 2 0
github.com/pintuotuo/backend/handlers/auth.go:57.2,62.16 3 0
github.com/pintuotuo/backend/handlers/auth.go:62.16,65.3 2 0
github.com/pintuotuo/backend/handlers/auth.go:68.2,77.16 4 0
github.com/pintuotuo/backend/handlers/auth.go:77.16,85.3 2 0
github.com/pintuotuo/backend/handlers/auth.go:88.2,92.16 2 0
github.com/pintuotuo/backend/handlers/auth.go:92.16,100.3 2 0
github.com/pintuotuo/backend/handlers/auth.go:103.2,108.4 2 0
github.com/pintuotuo/backend/handlers/auth.go:112.32,114.47 2 1
github.com/pintuotuo/backend/handlers/auth.go:114.47,117.3 2 1
github.com/pintuotuo/backend/handlers/auth.go:119.2,120.15 2 1
github.com/pintuotuo/backend/handlers/auth.go:120.15,123.3 2 1
github.com/pintuotuo/backend/handlers/auth.go:126.2,133.16 4 0
github.com/pintuotuo/backend/handlers/auth.go:133.16,136.3 2 0
github.com/pintuotuo/backend/handlers/auth.go:139.2,139.49 1 0
github.com/pintuotuo/backend/handlers/auth.go:139.49,142.3 2 0
github.com/pintuotuo/backend/handlers/auth.go:145.2,150.4 2 0
github.com/pintuotuo/backend/handlers/auth.go:154.33,158.2 1 0
github.com/pintuotuo/backend/handlers/auth.go:161.37,163.13 2 0
github.com/pintuotuo/backend/handlers/auth.go:163.13,166.3 2 0
github.com/pintuotuo/backend/handlers/auth.go:168.2,170.9 3 0
github.com/pintuotuo/backend/handlers/auth.go:170.9,173.3 2 0
github.com/pintuotuo/backend/handlers/auth.go:176.2,177.61 2 0
github.com/pintuotuo/backend/handlers/auth.go:177.61,179.67 2 0
github.com/pintuotuo/backend/handlers/auth.go:179.67,182.4 2 0
github.com/pintuotuo/backend/handlers/auth.go:185.2,193.16 4 0
github.com/pintuotuo/backend/handlers/auth.go:193.16,196.3 2 0
github.com/pintuotuo/backend/handlers/auth.go:199.2,199.53 1 0
github.com/pintuotuo/backend/handlers/auth.go:199.53,201.3 1 0
github.com/pintuotuo/backend/handlers/auth.go:203.2,203.29 1 0
github.com/pintuotuo/backend/handlers/auth.go:207.40,209.13 2 0
github.com/pintuotuo/backend/handlers/auth.go:209.13,212.3 2 0
github.com/pintuotuo/backend/handlers/auth.go:214.2,217.47 2 0
github.com/pintuotuo/backend/handlers/auth.go:217.47,220.3 2 0
github.com/pintuotuo/backend/handlers/auth.go:222.2,230.16 4 0
github.com/pintuotuo/backend/handlers/auth.go:230.16,238.3 2 0
github.com/pintuotuo/backend/handlers/auth.go:241.2,245.29 4 0
github.com/pintuotuo/backend/handlers/auth.go:249.34,257.61 5 0
github.com/pintuotuo/backend/handlers/auth.go:257.61,259.67 2 0
github.com/pintuotuo/backend/handlers/auth.go:259.67,262.4 2 0
github.com/pintuotuo/backend/handlers/auth.go:265.2,273.16 4 0
github.com/pintuotuo/backend/handlers/auth.go:273.16,276.3 2 0
github.com/pintuotuo/backend/handlers/auth.go:279.2,279.53 1 0
github.com/pintuotuo/backend/handlers/auth.go:279.53,281.3 1 0
github.com/pintuotuo/backend/handlers/auth.go:283.2,283.29 1 0
github.com/pintuotuo/backend/handlers/auth.go:287.33,294.47 3 0
github.com/pintuotuo/backend/handlers/auth.go:294.47,297.3 2 0
github.com/pintuotuo/backend/handlers/auth.go:299.2,307.16 4 0
github.com/pintuotuo/backend/handlers/auth.go:307.16,315.3 2 0
github.com/pintuotuo/backend/handlers/auth.go:318.2,321.29 3 0
github.com/pintuotuo/backend/handlers/auth.go:325.35,327.13 2 0
github.com/pintuotuo/backend/handlers/auth.go:327.13,330.3 2 0
github.com/pintuotuo/backend/handlers/auth.go:332.2,333.15 2 0
github.com/pintuotuo/backend/handlers/auth.go:333.15,336.3 2 0
github.com/pintuotuo/backend/handlers/auth.go:339.2,345.16 3 0
github.com/pintuotuo/backend/handlers/auth.go:345.16,348.3 2 0
github.com/pintuotuo/backend/handlers/auth.go:351.2,356.4 2 0
github.com/pintuotuo/backend/handlers/auth.go:371.43,373.47 2 0
github.com/pintuotuo/backend/handlers/auth.go:373.47,376.3 2 0
github.com/pintuotuo/backend/handlers/auth.go:378.2,379.15 2 0
github.com/pintuotuo/backend/handlers/auth.go:379.15,382.3 2 0
github.com/pintuotuo/backend/handlers/auth.go:385.2,391.16 3 0
github.com/pintuotuo/backend/handlers/auth.go:391.16,397.3 2 0
github.com/pintuotuo/backend/handlers/auth.go:400.2,410.16 3 0
github.com/pintuotuo/backend/handlers/auth.go:410.16,418.3 2 0
github.com/pintuotuo/backend/handlers/auth.go:422.2,428.4 2 0
github.com/pintuotuo/backend/handlers/auth.go:432.36,434.47 2 0
github.com/pintuotuo/backend/handlers/auth.go:434.47,437.3 2 0
github.com/pintuotuo/backend/handlers/auth.go:439.2,440.15 2 0
github.com/pintuotuo/backend/handlers/auth.go:440.15,443.3 2 0
github.com/pintuotuo/backend/handlers/auth.go:446.2,453.47 4 0
github.com/pintuotuo/backend/handlers/auth.go:453.47,461.3 2 0
github.com/pintuotuo/backend/handlers/auth.go:464.2,472.16 3 0
github.com/pintuotuo/backend/handlers/auth.go:472.16,480.3 2 0
github.com/pintuotuo/backend/handlers/auth.go:483.2,489.72 4 0
github.com/pintuotuo/backend/handlers/auth.go:492.44,501.2 3 0
github.com/pintuotuo/backend/handlers/auth.go:505.43,508.2 2 0
github.com/pintuotuo/backend/handlers/auth.go:510.49,512.2 1 0
github.com/pintuotuo/backend/handlers/auth.go:514.53,523.2 3 0
github.com/pintuotuo/backend/handlers/auth.go:525.46,526.42 1 1
github.com/pintuotuo/backend/handlers/auth.go:526.42,528.3 1 0
github.com/pintuotuo/backend/handlers/auth.go:529.2,529.21 1 1
github.com/pintuotuo/backend/handlers/order_and_group.go:19.34,21.13 2 0
github.com/pintuotuo/backend/handlers/order_and_group.go:21.13,24.3 2 0
github.com/pintuotuo/backend/handlers/order_and_group.go:26.2,32.47 2 0
github.com/pintuotuo/backend/handlers/order_and_group.go:32.47,35.3 2 0
github.com/pintuotuo/backend/handlers/order_and_group.go:37.2,38.15 2 0
github.com/pintuotuo/backend/handlers/order_and_group.go:38.15,41.3 2 0
github.com/pintuotuo/backend/handlers/order_and_group.go:44.2,50.16 3 0
github.com/pintuotuo/backend/handlers/order_and_group.go:50.16,53.3 2 0
github.com/pintuotuo/backend/handlers/order_and_group.go:55.2,55.34 1 0
github.com/pintuotuo/backend/handlers/order_and_group.go:55.34,58.3 2 0
github.com/pintuotuo/backend/handlers/order_and_group.go:60.2,61.16 2 0
github.com/pintuotuo/backend/handlers/order_and_group.go:61.16,69.3 2 0
github.com/pintuotuo/backend/handlers/order_and_group.go:70.2,76.16 3 0
github.com/pintuotuo/backend/handlers/order_and_group.go:76.16,84.3 2 0
github.com/pintuotuo/backend/handlers/order_and_group.go:86.2,87.23 2 0
github.com/pintuotuo/backend/handlers/order_and_group.go:87.23,90.3 2 0
github.com/pintuotuo/backend/handlers/order_and_group.go:92.2,100.16 4 0
github.com/pintuotuo/backend/handlers/order_and_group.go:100.16,108.3 2 0
github.com/pintuotuo/backend/handlers/order_and_group.go:110.2,110.36 1 0
github.com/pintuotuo/backend/handlers/order_and_group.go:110.36,118.3 2 0
github.com/pintuotuo/backend/handlers/order_and_group.go:120.2,120.35 1 0
github.com/pintuotuo/backend/handlers/order_and_group.go:124.33,126.13 2 0
github.com/pintuotuo/backend/handlers/order_and_group.go:126.13,129.3 2 0
github.com/pintuotuo/backend/handlers/order_and_group.go:131.2,137.17 5 0
github.com/pintuotuo/backend/handlers/order_and_group.go:137.17,139.3 1 0
github.com/pintuotuo/backend/handlers/order_and_group.go:140.2,140.40 1 0
github.com/pintuotuo/backend/handlers/order_and_group.go:140.40,142.3 1 0
github.com/pintuotuo/backend/handlers/order_and_group.go:144.2,147.15 3 0
github.com/pintuotuo/backend/handlers/order_and_group.go:147.15,150.3 2 0
github.com/pintuotuo/backend/handlers/order_and_group.go:152.2,156.16 2 0
github.com/pintuotuo/backend/handlers/order_and_group.go:156.16,159.3 2 0
github.com/pintuotuo/backend/handlers/order_and_group.go:160.2,163.18 3 0
github.com/pintuotuo/backend/handlers/order_and_group.go:163.18,166.17 3 0
github.com/pintuotuo/backend/handlers/order_and_group.go:166.17,169.4 2 0
github.com/pintuotuo/backend/handlers/order_and_group.go:170.3,170.29 1 0
github.com/pintuotuo/backend/handlers/order_and_group.go:173.2,181.4 3 0
github.com/pintuotuo/backend/handlers/order_and_group.go:185.35,187.13 2 0
github.com/pintuotuo/backend/handlers/order_and_group.go:187.13,190.3 2 0
github.com/pintuotuo/backend/handlers/order_and_group.go:192.2,197.62 5 0
github.com/pintuotuo/backend/handlers/order_and_group.go:197.62,199.69 2 0
github.com/pintuotuo/backend/handlers/order_and_group.go:199.69,200.36 1 0
github.com/pintuotuo/backend/handlers/order_and_group.go:200.36,203.5 2 0
github.com/pintuotuo/backend/handlers/order_and_group.go:207.2,208.15 2 0
github.com/pintuotuo/backend/handlers/order_and_group.go:208.15,211.3 2 0
github.com/pintuotuo/backend/handlers/order_and_group.go:213.2,219.16 3 0
github.com/pintuotuo/backend/handlers/order_and_group.go:219.16,222.3 2 0
github.com/pintuotuo/backend/handlers/order_and_group.go:224.2,224.55 1 0
github.com/pintuotuo/backend/handlers/order_and_group.go:224.55,226.3 1 0
github.com/pintuotuo/backend/handlers/order_and_group.go:228.2,228.30 1 0
github.com/pintuotuo/backend/handlers/order_and_group.go:232.34,234.13 2 0
github.com/pintuotuo/backend/handlers/order_and_group.go:234.13,237.3 2 0
github.com/pintuotuo/backend/handlers/order_and_group.go:239.2,242.15 3 0
github.com/pintuotuo/backend/handlers/order_and_group.go:242.15,245.3 2 0
github.com/pintuotuo/backend/handlers/order_and_group.go:247.2,257.16 3 0
github.com/pintuotuo/backend/handlers/order_and_group.go:257.16,260.3 2 0
github.com/pintuotuo/backend/handlers/order_and_group.go:262.2,262.35 1 0
github.com/pintuotuo/backend/handlers/order_and_group.go:262.35,265.3 2 0
github.com/pintuotuo/backend/handlers/order_and_group.go:267.2,268.16 2 0
github.com/pintuotuo/backend/handlers/order_and_group.go:268.16,276.3 2 0
github.com/pintuotuo/backend/handlers/order_and_group.go:277.2,285.16 4 0
github.com/pintuotuo/backend/handlers/order_and_group.go:285.16,293.3 2 0
github.com/pintuotuo/backend/handlers/order_and_group.go:295.2,299.16 2 0
github.com/pintuotuo/backend/handlers/order_and_group.go:299.16,307.3 2 0
github.com/pintuotuo/backend/handlers/order_and_group.go:309.2,309.36 1 0
github.com/pintuotuo/backend/handlers/order_and_group.go:309.36,317.3 2 0
github.com/pintuotuo/backend/handlers/order_and_group.go:319.2,321.30 2 0
github.com/pintuotuo/backend/handlers/order_and_group.go:325.34,327.13 2 0
github.com/pintuotuo/backend/handlers/order_and_group.go:327.13,330.3 2 0
github.com/pintuotuo/backend/handlers/order_and_group.go:332.2,338.47 2 0
github.com/pintuotuo/backend/handlers/order_and_group.go:338.47,341.3 2 0
github.com/pintuotuo/backend/handlers/order_and_group.go:344.2,344.37 1 0
github.com/pintuotuo/backend/handlers/order_and_group.go:344.37,347.3 2 0
github.com/pintuotuo/backend/handlers/order_and_group.go:349.2,350.15 2 0
github.com/pintuotuo/backend/handlers/order_and_group.go:350.15,353.3 2 0
github.com/pintuotuo/backend/handlers/order_and_group.go:356.2,358.16 3 0
github.com/pintuotuo/backend/handlers/order_and_group.go:358.16,361.3 2 0
github.com/pintuotuo/backend/handlers/order_and_group.go:363.2,369.16 3 0
github.com/pintuotuo/backend/handlers/order_and_group.go:369.16,377.3 2 0
github.com/pintuotuo/backend/handlers/order_and_group.go:379.2,379.35 1 0
github.com/pintuotuo/backend/handlers/order_and_group.go:383.33,391.17 6 0
github.com/pintuotuo/backend/handlers/order_and_group.go:391.17,393.3 1 0
github.com/pintuotuo/backend/handlers/order_and_group.go:394.2,394.40 1 0
github.com/pintuotuo/backend/handlers/order_and_group.go:394.40,396.3 1 0
github.com/pintuotuo/backend/handlers/order_and_group.go:398.2,401.15 3 0
github.com/pintuotuo/backend/handlers/order_and_group.go:401.15,404.3 2 0
github.com/pintuotuo/backend/handlers/order_and_group.go:406.2,410.16 2 0
github.com/pintuotuo/backend/handlers/order_and_group.go:410.16,413.3 2 0
github.com/pintuotuo/backend/handlers/order_and_group.go:414.2,417.18 3 0
github.com/pintuotuo/backend/handlers/order_and_group.go:417.18,420.17 3 0
github.com/pintuotuo/backend/handlers/order_and_group.go:420.17,423.4 2 0
github.com/pintuotuo/backend/handlers/order_and_group.go:424.3,424.29 1 0
github.com/pintuotuo/backend/handlers/order_and_group.go:427.2,435.4 3 0
github.com/pintuotuo/backend/handlers/order_and_group.go:439.35,445.62 5 0
github.com/pintuotuo/backend/handlers/order_and_group.go:445.62,447.69 2 0
github.com/pintuotuo/backend/handlers/order_and_group.go:447.69,450.4 2 0
github.com/pintuotuo/backend/handlers/order_and_group.go:453.2,454.15 2 0
github.com/pintuotuo/backend/handlers/order_and_group.go:454.15,457.3 2 0
github.com/pintuotuo/backend/handlers/order_and_group.go:459.2,465.16 3 0
github.com/pintuotuo/backend/handlers/order_and_group.go:465.16,468.3 2 0
github.com/pintuotuo/backend/handlers/order_and_group.go:470.2,470.55 1 0
github.com/pintuotuo/backend/handlers/order_and_group.go:470.55,472.3 1 0
github.com/pintuotuo/backend/handlers/order_and_group.go:474.2,474.30 1 0
github.com/pintuotuo/backend/handlers/order_and_group.go:478.32,480.13 2 0
github.com/pintuotuo/backend/handlers/order_and_group.go:480.13,483.3 2 0
github.com/pintuotuo/backend/handlers/order_and_group.go:485.2,488.15 3 0
github.com/pintuotuo/backend/handlers/order_and_group.go:488.15,491.3 2 0
github.com/pintuotuo/backend/handlers/order_and_group.go:494.2,500.16 3 0
github.com/pintuotuo/backend/handlers/order_and_group.go:500.16,503.3 2 0
github.com/pintuotuo/backend/handlers/order_and_group.go:505.2,505.30 1 0
github.com/pintuotuo/backend/handlers/order_and_group.go:505.30,513.3 2 0
github.com/pintuotuo/backend/handlers/order_and_group.go:515.2,515.45 1 0
github.com/pintuotuo/backend/handlers/order_and_group.go:515.45,518.3 2 0
github.com/pintuotuo/backend/handlers/order_and_group.go:520.2,520.38 1 0
github.com/pintuotuo/backend/handlers/order_and_group.go:520.38,523.3 2 0
github.com/pintuotuo/backend/handlers/order_and_group.go:526.2,528.16 3 0
github.com/pintuotuo/backend/handlers/order_and_group.go:528.16,531.3 2 0
github.com/pintuotuo/backend/handlers/order_and_group.go:533.2,539.16 3 0
github.com/pintuotuo/backend/handlers/order_and_group.go:539.16,547.3 2 0
github.com/pintuotuo/backend/handlers/order_and_group.go:550.2,555.16 2 0
github.com/pintuotuo/backend/handlers/order_and_group.go:555.16,558.3 2 0
github.com/pintuotuo/backend/handlers/order_and_group.go:561.2,563.35 3 0
github.com/pintuotuo/backend/handlers/order_and_group.go:563.35,565.3 1 0
github.com/pintuotuo/backend/handlers/order_and_group.go:567.2,572.16 2 0
github.com/pintuotuo/backend/handlers/order_and_group.go:572.16,580.3 2 0
github.com/pintuotuo/backend/handlers/order_and_group.go:582.2,584.30 2 0
github.com/pintuotuo/backend/handlers/order_and_group.go:588.34,590.13 2 0
github.com/pintuotuo/backend/handlers/order_and_group.go:590.13,593.3 2 0
github.com/pintuotuo/backend/handlers/order_and_group.go:595.2,598.15 3 0
github.com/pintuotuo/backend/handlers/order_and_group.go:598.15,601.3 2 0
github.com/pintuotuo/backend/handlers/order_and_group.go:604.2,606.16 3 0
github.com/pintuotuo/backend/handlers/order_and_group.go:606.16,609.3 2 0
github.com/pintuotuo/backend/handlers/order_and_group.go:611.2,612.35 2 0
github.com/pintuotuo/backend/handlers/order_and_group.go:612.35,615.3 2 0
github.com/pintuotuo/backend/handlers/order_and_group.go:617.2,618.16 2 0
github.com/pintuotuo/backend/handlers/order_and_group.go:618.16,626.3 2 0
github.com/pintuotuo/backend/handlers/order_and_group.go:628.2,631.72 3 0
github.com/pintuotuo/backend/handlers/order_and_group.go:635.39,639.15 3 0
github.com/pintuotuo/backend/handlers/order_and_group.go:639.15,642.3 2 0
github.com/pintuotuo/backend/handlers/order_and_group.go:644.2,650.16 3 0
github.com/pintuotuo/backend/handlers/order_and_group.go:650.16,653.3 2 0
github.com/pintuotuo/backend/handlers/order_and_group.go:655.2,655.30 1 0
github.com/pintuotuo/backend/handlers/payment_and_token.go:19.38,21.13 2 0
github.com/pintuotuo/backend/handlers/payment_and_token.go:21.13,24.3 2 0
github.com/pintuotuo/backend/handlers/payment_and_token.go:26.2,31.47 2 0
github.com/pintuotuo/backend/handlers/payment_and_token.go:31.47,34.3 2 0
github.com/pintuotuo/backend/handlers/payment_and_token.go:36.2,37.15 2 0
github.com/pintuotuo/backend/handlers/payment_and_token.go:37.15,40.3 2 0
github.com/pintuotuo/backend/handlers/payment_and_token.go:43.2,49.16 3 0
github.com/pintuotuo/backend/handlers/payment_and_token.go:49.16,52.3 2 0
github.com/pintuotuo/backend/handlers/payment_and_token.go:54.2,54.31 1 0
github.com/pintuotuo/backend/handlers/payment_and_token.go:54.31,57.3 2 0
github.com/pintuotuo/backend/handlers/payment_and_token.go:59.2,65.16 3 0
github.com/pintuotuo/backend/handlers/payment_and_token.go:65.16,73.3 2 0
github.com/pintuotuo/backend/handlers/payment_and_token.go:75.2,75.37 1 0
github.com/pintuotuo/backend/handlers/payment_and_token.go:79.37,81.13 2 0
github.com/pintuotuo/backend/handlers/payment_and_token.go:81.13,84.3 2 0
github.com/pintuotuo/backend/handlers/payment_and_token.go:86.2,89.15 3 0
github.com/pintuotuo/backend/handlers/payment_and_token.go:89.15,92.3 2 0
github.com/pintuotuo/backend/handlers/payment_and_token.go:94.2,100.16 3 0
github.com/pintuotuo/backend/handlers/payment_and_token.go:100.16,103.3 2 0
github.com/pintuotuo/backend/handlers/payment_and_token.go:105.2,105.32 1 0
github.com/pintuotuo/backend/handlers/payment_and_token.go:109.36,111.13 2 0
github.com/pintuotuo/backend/handlers/payment_and_token.go:111.13,114.3 2 0
github.com/pintuotuo/backend/handlers/payment_and_token.go:116.2,119.15 3 0
github.com/pintuotuo/backend/handlers/payment_and_token.go:119.15,122.3 2 0
github.com/pintuotuo/backend/handlers/payment_and_token.go:125.2,131.16 3 0
github.com/pintuotuo/backend/handlers/payment_and_token.go:131.16,134.3 2 0
github.com/pintuotuo/backend/handlers/payment_and_token.go:136.2,136.44 1 0
github.com/pintuotuo/backend/handlers/payment_and_token.go:136.44,139.3 2 0
github.com/pintuotuo/backend/handlers/payment_and_token.go:142.2,147.16 2 0
github.com/pintuotuo/backend/handlers/payment_and_token.go:147.16,155.3 2 0
github.com/pintuotuo/backend/handlers/payment_and_token.go:157.2,157.32 1 0
github.com/pintuotuo/backend/handlers/payment_and_token.go:161.43,169.47 2 0
github.com/pintuotuo/backend/handlers/payment_and_token.go:169.47,172.3 2 0
github.com/pintuotuo/backend/handlers/payment_and_token.go:174.2,175.15 2 0
github.com/pintuotuo/backend/handlers/payment_and_token.go:175.15,178.3 2 0
github.com/pintuotuo/backend/handlers/payment_and_token.go:181.2,183.16 3 0
github.com/pintuotuo/backend/handlers/payment_and_token.go:183.16,186.3 2 0
github.com/pintuotuo/backend/handlers/payment_and_token.go:189.2,195.16 3 0
github.com/pintuotuo/backend/handlers/payment_and_token.go:195.16,203.3 2 0
github.com/pintuotuo/backend/handlers/payment_and_token.go:206.2,206.40 1 0
github.com/pintuotuo/backend/handlers/payment_and_token.go:206.40,211.17 2 0
github.com/pintuotuo/backend/handlers/payment_and_token.go:211.17,219.4 2 0
github.com/pintuotuo/backend/handlers/payment_and_token.go:222.2,222.63 1 0
github.com/pintuotuo/backend/handlers/payment_and_token.go:226.43,234.47 2 0
github.com/pintuotuo/backend/handlers/payment_and_token.go:234.47,237.3 2 0
github.com/pintuotuo/backend/handlers/payment_and_token.go:239.2,240.15 2 0
github.com/pintuotuo/backend/handlers/payment_and_token.go:240.15,243.3 2 0
github.com/pintuotuo/backend/handlers/payment_and_token.go:246.2,248.16 3 0
github.com/pintuotuo/backend/handlers/payment_and_token.go:248.16,251.3 2 0
github.com/pintuotuo/backend/handlers/payment_and_token.go:254.2,260.16 3 0
github.com/pintuotuo/backend/handlers/payment_and_token.go:260.16,268.3 2 0
github.com/pintuotuo/backend/handlers/payment_and_token.go:271.2,271.40 1 0
github.com/pintuotuo/backend/handlers/payment_and_token.go:271.40,276.17 2 0
github.com/pintuotuo/backend/handlers/payment_and_token.go:276.17,284.4 2 0
github.com/pintuotuo/backend/handlers/payment_and_token.go:287.2,287.63 1 0
github.com/pintuotuo/backend/handlers/payment_and_token.go:291.38,293.13 2 0
github.com/pintuotuo/backend/handlers/payment_and_token.go:293.13,296.3 2 0
github.com/pintuotuo/backend/handlers/payment_and_token.go:298.2,300.9 3 0
github.com/pintuotuo/backend/handlers/payment_and_token.go:300.9,303.3 2 0
github.com/pintuotuo/backend/handlers/payment_and_token.go:306.2,307.62 2 0
github.com/pintuotuo/backend/handlers/payment_and_token.go:307.62,309.69 2 0
github.com/pintuotuo/backend/handlers/payment_and_token.go:309.69,312.4 2 0
github.com/pintuotuo/backend/handlers/payment_and_token.go:315.2,316.15 2 0
github.com/pintuotuo/backend/handlers/payment_and_token.go:316.15,319.3 2 0
github.com/pintuotuo/backend/handlers/payment_and_token.go:321.2,327.16 3 0
github.com/pintuotuo/backend/handlers/payment_and_token.go:327.16,330.3 2 0
github.com/pintuotuo/backend/handlers/payment_and_token.go:333.2,333.55 1 0
github.com/pintuotuo/backend/handlers/payment_and_token.go:333.55,335.3 1 0
github.com/pintuotuo/backend/handlers/payment_and_token.go:337.2,337.30 1 0
github.com/pintuotuo/backend/handlers/payment_and_token.go:341.42,343.13 2 0
github.com/pintuotuo/backend/handlers/payment_and_token.go:343.13,346.3 2 0
github.com/pintuotuo/backend/handlers/payment_and_token.go:348.2,349.15 2 0
github.com/pintuotuo/backend/handlers/payment_and_token.go:349.15,352.3 2 0
github.com/pintuotuo/backend/handlers/payment_and_token.go:354.2,358.16 2 0
github.com/pintuotuo/backend/handlers/payment_and_token.go:358.16,361.3 2 0
github.com/pintuotuo/backend/handlers/payment_and_token.go:362.2,365.18 3 0
github.com/pintuotuo/backend/handlers/payment_and_token.go:365.18,372.17 6 0
github.com/pintuotuo/backend/handlers/payment_and_token.go:372.17,375.4 2 0
github.com/pintuotuo/backend/handlers/payment_and_token.go:377.3,383.5 1 0
github.com/pintuotuo/backend/handlers/payment_and_token.go:386.2,386.37 1 0
github.com/pintuotuo/backend/handlers/payment_and_token.go:390.37,392.13 2 0
github.com/pintuotuo/backend/handlers/payment_and_token.go:392.13,395.3 2 0
github.com/pintuotuo/backend/handlers/payment_and_token.go:397.2,402.47 2 0
github.com/pintuotuo/backend/handlers/payment_and_token.go:402.47,405.3 2 0
github.com/pintuotuo/backend/handlers/payment_and_token.go:407.2,408.15 2 0
github.com/pintuotuo/backend/handlers/payment_and_token.go:408.15,411.3 2 0
github.com/pintuotuo/backend/handlers/payment_and_token.go:414.2,416.16 3 0
github.com/pintuotuo/backend/handlers/payment_and_token.go:416.16,419.3 2 0
github.com/pintuotuo/backend/handlers/payment_and_token.go:421.2,421.32 1 0
github.com/pintuotuo/backend/handlers/payment_and_token.go:421.32,424.3 2 0
github.com/pintuotuo/backend/handlers/payment_and_token.go:427.2,431.16 2 0
github.com/pintuotuo/backend/handlers/payment_and_token.go:431.16,439.3 2 0
github.com/pintuotuo/backend/handlers/payment_and_token.go:441.2,445.16 2 0
github.com/pintuotuo/backend/handlers/payment_and_token.go:445.16,453.3 2 0
github.com/pintuotuo/backend/handlers/payment_and_token.go:456.2,460.22 2 0
github.com/pintuotuo/backend/handlers/payment_and_token.go:460.22,468.3 2 0
github.com/pintuotuo/backend/handlers/payment_and_token.go:470.2,474.22 2 0
github.com/pintuotuo/backend/handlers/payment_and_token.go:474.22,482.3 2 0
github.com/pintuotuo/backend/handlers/payment_and_token.go:485.2,490.64 5 0
github.com/pintuotuo/backend/handlers/product.go:19.35,27.17 6 0
github.com/pintuotuo/backend/handlers/product.go:27.17,29.3 1 0
github.com/pintuotuo/backend/handlers/product.go:30.2,30.40 1 0
github.com/pintuotuo/backend/handlers/product.go:30.40,32.3 1 0
github.com/pintuotuo/backend/handlers/product.go:34.2,38.61 3 0
github.com/pintuotuo/backend/handlers/product.go:38.61,45.73 2 0
github.com/pintuotuo/backend/handlers/product.go:45.73,48.4 2 0
github.com/pintuotuo/backend/handlers/product.go:51.2,58.37 5 0
github.com/pintuotuo/backend/handlers/product.go:58.37,63.3 1 0
github.com/pintuotuo/backend/handlers/product.go:63.8,68.3 1 0
github.com/pintuotuo/backend/handlers/product.go:70.2,70.16 1 0
github.com/pintuotuo/backend/handlers/product.go:70.16,73.3 2 0
github.com/pintuotuo/backend/handlers/product.go:74.2,77.18 3 0
github.com/pintuotuo/backend/handlers/product.go:77.18,80.17 3 0
github.com/pintuotuo/backend/handlers/product.go:80.17,83.4 2 0
github.com/pintuotuo/backend/handlers/product.go:84.3,84.33 1 0
github.com/pintuotuo/backend/handlers/product.go:88.2,90.37 3 0
github.com/pintuotuo/backend/handlers/product.go:90.37,92.3 1 0
github.com/pintuotuo/backend/handlers/product.go:92.8,94.3 1 0
github.com/pintuotuo/backend/handlers/product.go:96.2,96.21 1 0
github.com/pintuotuo/backend/handlers/product.go:96.21,98.3 1 0
github.com/pintuotuo/backend/handlers/product.go:100.2,108.57 2 0
github.com/pintuotuo/backend/handlers/product.go:108.57,110.3 1 0
github.com/pintuotuo/backend/handlers/product.go:112.2,112.31 1 0
github.com/pintuotuo/backend/handlers/product.go:116.37,121.20 4 1
github.com/pintuotuo/backend/handlers/product.go:121.20,124.3 2 1
github.com/pintuotuo/backend/handlers/product.go:127.2,128.64 2 1
github.com/pintuotuo/backend/handlers/product.go:128.64,130.73 2 0
github.com/pintuotuo/backend/handlers/product.go:130.73,133.4 2 0
github.com/pintuotuo/backend/handlers/product.go:137.2,138.15 2 1
github.com/pintuotuo/backend/handlers/product.go:138.15,141.3 2 1
github.com/pintuotuo/backend/handlers/product.go:143.2,149.16 3 0
github.com/pintuotuo/backend/handlers/product.go:149.16,152.3 2 0
github.com/pintuotuo/backend/handlers/product.go:155.2,155.59 1 0
github.com/pintuotuo/backend/handlers/product.go:155.59,157.3 1 0
github.com/pintuotuo/backend/handlers/product.go:159.2,159.32 1 0
github.com/pintuotuo/backend/handlers/product.go:163.37,165.17 2 0
github.com/pintuotuo/backend/handlers/product.go:165.17,168.3 2 0
github.com/pintuotuo/backend/handlers/product.go:170.2,176.17 5 0
github.com/pintuotuo/backend/handlers/product.go:176.17,178.3 1 0
github.com/pintuotuo/backend/handlers/product.go:179.2,179.40 1 0
github.com/pintuotuo/backend/handlers/product.go:179.40,181.3 1 0
github.com/pintuotuo/backend/handlers/product.go:183.2,187.64 3 0
github.com/pintuotuo/backend/handlers/product.go:187.64,194.76 2 0
github.com/pintuotuo/backend/handlers/product.go:194.76,197.4 2 0
github.com/pintuotuo/backend/handlers/product.go:200.2,210.16 5 0
github.com/pintuotuo/backend/handlers/product.go:210.16,213.3 2 0
github.com/pintuotuo/backend/handlers/product.go:214.2,217.18 3 0
github.com/pintuotuo/backend/handlers/product.go:217.18,220.17 3 0
github.com/pintuotuo/backend/handlers/product.go:220.17,223.4 2 0
github.com/pintuotuo/backend/handlers/product.go:224.3,224.33 1 0
github.com/pintuotuo/backend/handlers/product.go:228.2,242.57 4 0
github.com/pintuotuo/backend/handlers/product.go:242.57,244.3 1 0
github.com/pintuotuo/backend/handlers/product.go:246.2,246.31 1 0
github.com/pintuotuo/backend/handlers/product.go:250.36,252.13 2 0
github.com/pintuotuo/backend/handlers/product.go:252.13,255.3 2 0
github.com/pintuotuo/backend/handlers/product.go:257.2,265.47 2 0
github.com/pintuotuo/backend/handlers/product.go:265.47,268.3 2 0
github.com/pintuotuo/backend/handlers/product.go:270.2,275.38 4 0
github.com/pintuotuo/backend/handlers/product.go:275.38,278.3 2 0
github.com/pintuotuo/backend/handlers/product.go:280.2,286.16 3 0
github.com/pintuotuo/backend/handlers/product.go:286.16,294.3 2 0
github.com/pintuotuo/backend/handlers/product.go:296.2,296.37 1 0
github.com/pintuotuo/backend/handlers/product.go:300.36,302.13 2 0
github.com/pintuotuo/backend/handlers/product.go:302.13,305.3 2 0
github.com/pintuotuo/backend/handlers/product.go:307.2,318.47 3 0
github.com/pintuotuo/backend/handlers/product.go:318.47,321.3 2 0
github.com/pintuotuo/backend/handlers/product.go:323.2,328.16 4 0
github.com/pintuotuo/backend/handlers/product.go:328.16,331.3 2 0
github.com/pintuotuo/backend/handlers/product.go:333.2,334.36 2 0
github.com/pintuotuo/backend/handlers/product.go:334.36,337.3 2 0
github.com/pintuotuo/backend/handlers/product.go:339.2,345.16 3 0
github.com/pintuotuo/backend/handlers/product.go:345.16,353.3 2 0
github.com/pintuotuo/backend/handlers/product.go:356.2,361.32 5 0
github.com/pintuotuo/backend/handlers/product.go:365.36,367.13 2 0
github.com/pintuotuo/backend/handlers/product.go:367.13,370.3 2 0
github.com/pintuotuo/backend/handlers/product.go:372.2,379.16 5 0
github.com/pintuotuo/backend/handlers/product.go:379.16,382.3 2 0
github.com/pintuotuo/backend/handlers/product.go:384.2,385.36 2 0
github.com/pintuotuo/backend/handlers/product.go:385.36,388.3 2 0
github.com/pintuotuo/backend/handlers/product.go:390.2,391.16 2 0
github.com/pintuotuo/backend/handlers/product.go:391.16,399.3 2 0
github.com/pintuotuo/backend/handlers/product.go:402.2,407.73 5 0
github.com/pintuotuo/backend/handlers/product.go:411.29,414.2 2 1
github.com/pintuotuo/backend/routes/routes.go:9.50,11.2 2 0
github.com/pintuotuo/backend/routes/routes.go:11.2,27.3 10 0
github.com/pintuotuo/backend/routes/routes.go:31.53,33.2 2 0
github.com/pintuotuo/backend/routes/routes.go:33.2,41.3 5 0
github.com/pintuotuo/backend/routes/routes.go:41.3,45.4 3 0
github.com/pintuotuo/backend/routes/routes.go:50.51,52.2 2 0
github.com/pintuotuo/backend/routes/routes.go:52.2,57.3 4 0
github.com/pintuotuo/backend/routes/routes.go:61.51,63.2 2 0
github.com/pintuotuo/backend/routes/routes.go:63.2,70.3 6 0
github.com/pintuotuo/backend/routes/routes.go:74.51,76.2 2 0
github.com/pintuotuo/backend/routes/routes.go:76.2,83.3 5 0
github.com/pintuotuo/backend/routes/routes.go:83.3,88.4 4 0
github.com/pintuotuo/backend/routes/routes.go:93.53,95.2 2 0
github.com/pintuotuo/backend/routes/routes.go:95.2,102.3 5 0
github.com/pintuotuo/backend/routes/routes.go:102.3,105.4 2 0
github.com/pintuotuo/backend/scheduler/order_scheduler.go:20.73,26.2 1 0
github.com/pintuotuo/backend/scheduler/order_scheduler.go:28.34,32.2 3 0
github.com/pintuotuo/backend/scheduler/order_scheduler.go:34.33,38.2 3 0
github.com/pintuotuo/backend/scheduler/order_scheduler.go:40.32,46.6 4 0
github.com/pintuotuo/backend/scheduler/order_scheduler.go:46.6,47.10 1 0
github.com/pintuotuo/backend/scheduler/order_scheduler.go:48.21,49.10 1 0
github.com/pintuotuo/backend/scheduler/order_scheduler.go:50.19,51.27 1 0
github.com/pintuotuo/backend/scheduler/order_scheduler.go:56.48,58.15 2 0
github.com/pintuotuo/backend/scheduler/order_scheduler.go:58.15,61.3 2 0
github.com/pintuotuo/backend/scheduler/order_scheduler.go:63.2,67.16 4 0
github.com/pintuotuo/backend/scheduler/order_scheduler.go:67.16,70.3 2 0
github.com/pintuotuo/backend/scheduler/order_scheduler.go:71.2,80.16 3 0
github.com/pintuotuo/backend/scheduler/order_scheduler.go:80.16,83.3 2 0
github.com/pintuotuo/backend/scheduler/order_scheduler.go:85.2,92.18 3 0
github.com/pintuotuo/backend/scheduler/order_scheduler.go:92.18,94.69 2 0
github.com/pintuotuo/backend/scheduler/order_scheduler.go:94.69,96.12 2 0
github.com/pintuotuo/backend/scheduler/order_scheduler.go:98.3,98.29 1 0
github.com/pintuotuo/backend/scheduler/order_scheduler.go:100.2,102.22 2 0
github.com/pintuotuo/backend/scheduler/order_scheduler.go:102.22,104.3 1 0
github.com/pintuotuo/backend/scheduler/order_scheduler.go:106.2,108.27 2 0
github.com/pintuotuo/backend/scheduler/order_scheduler.go:108.27,113.17 2 0
github.com/pintuotuo/backend/scheduler/order_scheduler.go:113.17,115.12 2 0
github.com/pintuotuo/backend/scheduler/order_scheduler.go:118.3,122.17 2 0
github.com/pintuotuo/backend/scheduler/order_scheduler.go:122.17,124.4 1 0
github.com/pintuotuo/backend/scheduler/order_scheduler.go:127.2,127.36 1 0
github.com/pintuotuo/backend/scheduler/order_scheduler.go:127.36,130.3 2 0
github.com/pintuotuo/backend/scheduler/order_scheduler.go:132.2,132.79 1 0
github.com/pintuotuo/backend/scheduler/order_scheduler.go:135.65,137.15 2 0
github.com/pintuotuo/backend/scheduler/order_scheduler.go:137.15,139.3 1 0
github.com/pintuotuo/backend/scheduler/order_scheduler.go:141.2,144.16 3 0
github.com/pintuotuo/backend/scheduler/order_scheduler.go:144.16,151.3 1 0
github.com/pintuotuo/backend/scheduler/order_scheduler.go:152.2,159.16 4 0
github.com/pintuotuo/backend/scheduler/order_scheduler.go:159.16,161.3 1 0
github.com/pintuotuo/backend/scheduler/order_scheduler.go:163.2,167.16 2 0
github.com/pintuotuo/backend/scheduler/order_scheduler.go:167.16,174.3 1 0
github.com/pintuotuo/backend/scheduler/order_scheduler.go:176.2,180.16 2 0
github.com/pintuotuo/backend/scheduler/order_scheduler.go:180.16,187.3 1 0
github.com/pintuotuo/backend/scheduler/order_scheduler.go:189.2,189.20 1 0
github.com/pintuotuo/backend/logger/logger.go:54.87,69.23 3 0
github.com/pintuotuo/backend/logger/logger.go:69.23,71.3 1 0
github.com/pintuotuo/backend/logger/logger.go:73.2,73.13 1 0
github.com/pintuotuo/backend/logger/logger.go:77.89,81.16 3 0
github.com/pintuotuo/backend/logger/logger.go:81.16,84.3 2 0
github.com/pintuotuo/backend/logger/logger.go:86.2,97.16 2 0
github.com/pintuotuo/backend/logger/logger.go:97.16,99.3 1 0
github.com/pintuotuo/backend/logger/logger.go:101.2,101.13 1 0
github.com/pintuotuo/backend/logger/logger.go:105.90,107.10 2 0
github.com/pintuotuo/backend/logger/logger.go:107.10,109.3 1 0
github.com/pintuotuo/backend/logger/logger.go:110.2,110.16 1 0
github.com/pintuotuo/backend/logger/logger.go:110.16,112.3 1 0
github.com/pintuotuo/backend/logger/logger.go:114.2,115.9 2 0
github.com/pintuotuo/backend/logger/logger.go:115.9,117.3 1 0
github.com/pintuotuo/backend/logger/logger.go:117.8,119.3 1 0
github.com/pintuotuo/backend/logger/logger.go:121.2,133.16 2 0
github.com/pintuotuo/backend/logger/logger.go:133.16,135.3 1 0
github.com/pintuotuo/backend/logger/logger.go:137.2,137.13 1 0
github.com/pintuotuo/backend/logger/logger.go:141.108,143.16 2 0
github.com/pintuotuo/backend/logger/logger.go:143.16,145.3 1 0
github.com/pintuotuo/backend/logger/logger.go:147.2,160.16 2 0
github.com/pintuotuo/backend/logger/logger.go:160.16,162.3 1 0
github.com/pintuotuo/backend/logger/logger.go:164.2,164.13 1 0
github.com/pintuotuo/backend/logger/logger.go:168.77,170.16 2 0
github.com/pintuotuo/backend/logger/logger.go:170.16,172.3 1 0
github.com/pintuotuo/backend/logger/logger.go:174.2,185.16 2 0
github.com/pintuotuo/backend/logger/logger.go:185.16,187.3 1 0
github.com/pintuotuo/backend/logger/logger.go:189.2,189.13 1 0
github.com/pintuotuo/backend/logger/logger.go:193.87,202.2 2 0
github.com/pintuotuo/backend/logger/logger.go:205.99,213.16 2 0
github.com/pintuotuo/backend/logger/logger.go:213.16,215.3 1 0
github.com/pintuotuo/backend/logger/logger.go:216.2,216.13 1 0
github.com/pintuotuo/backend/logger/logger.go:220.87,229.2 2 0
github.com/pintuotuo/backend/logger/logger.go:232.88,241.2 2 0
github.com/pintuotuo/backend/logger/logger.go:244.32,245.13 1 0
github.com/pintuotuo/backend/logger/logger.go:245.13,248.3 2 0
github.com/pintuotuo/backend/logger/logger.go:248.8,250.3 1 0
github.com/pintuotuo/backend/metrics/metrics.go:280.129,285.2 4 1
github.com/pintuotuo/backend/metrics/metrics.go:288.108,290.13 2 1
github.com/pintuotuo/backend/metrics/metrics.go:290.13,292.3 1 1
github.com/pintuotuo/backend/metrics/metrics.go:296.100,298.11 2 1
github.com/pintuotuo/backend/metrics/metrics.go:298.11,300.3 1 1
github.com/pintuotuo/backend/metrics/metrics.go:301.2,302.87 2 1
github.com/pintuotuo/backend/metrics/metrics.go:306.78,309.2 2 1
github.com/pintuotuo/backend/metrics/metrics.go:312.72,315.2 2 1
github.com/pintuotuo/backend/metrics/metrics.go:318.57,320.2 1 1
github.com/pintuotuo/backend/middleware/metrics_middleware.go:13.42,14.30 1 1
github.com/pintuotuo/backend/middleware/metrics_middleware.go:14.30,35.24 9 1
github.com/pintuotuo/backend/middleware/metrics_middleware.go:35.24,36.23 1 0
github.com/pintuotuo/backend/middleware/metrics_middleware.go:36.23,41.5 1 0
github.com/pintuotuo/backend/middleware/metrics_middleware.go:47.42,49.2 1 1
github.com/pintuotuo/backend/middleware/middleware.go:13.39,14.30 1 0
github.com/pintuotuo/backend/middleware/middleware.go:14.30,20.36 5 0
github.com/pintuotuo/backend/middleware/middleware.go:20.36,23.4 2 0
github.com/pintuotuo/backend/middleware/middleware.go:25.3,25.11 1 0
github.com/pintuotuo/backend/middleware/middleware.go:30.48,31.30 1 0
github.com/pintuotuo/backend/middleware/middleware.go:31.30,32.16 1 0
github.com/pintuotuo/backend/middleware/middleware.go:32.16,33.36 1 0
github.com/pintuotuo/backend/middleware/middleware.go:33.36,40.5 3 0
github.com/pintuotuo/backend/middleware/middleware.go:42.3,45.24 2 0
github.com/pintuotuo/backend/middleware/middleware.go:45.24,47.56 2 0
github.com/pintuotuo/backend/middleware/middleware.go:47.56,50.5 2 0
github.com/pintuotuo/backend/middleware/middleware.go:56.42,57.30 1 0
github.com/pintuotuo/backend/middleware/middleware.go:57.30,81.3 8 0
github.com/pintuotuo/backend/middleware/middleware.go:85.39,86.30 1 0
github.com/pintuotuo/backend/middleware/middleware.go:86.30,89.23 2 0
github.com/pintuotuo/backend/middleware/middleware.go:89.23,93.4 3 0
github.com/pintuotuo/backend/middleware/middleware.go:96.3,97.42 2 0
github.com/pintuotuo/backend/middleware/middleware.go:97.42,101.4 3 0
github.com/pintuotuo/backend/middleware/middleware.go:103.3,104.18 2 0
github.com/pintuotuo/backend/middleware/middleware.go:104.18,108.4 3 0
github.com/pintuotuo/backend/middleware/middleware.go:113.3,115.11 2 0
github.com/pintuotuo/backend/middleware/middleware.go:119.24,120.11 1 0
github.com/pintuotuo/backend/middleware/middleware.go:120.11,122.3 1 0
github.com/pintuotuo/backend/middleware/middleware.go:123.2,123.10 1 0
github.com/pintuotuo/backend/middleware/middleware.go:127.64,133.2 1 0
github.com/pintuotuo/backend/middleware/middleware.go:136.44,137.30 1 0
github.com/pintuotuo/backend/middleware/middleware.go:137.30,141.3 1 0
